[0.119s] Invoking command in '/home/cfh/ntest/build/six_dof_arm_moveit_config': /usr/bin/cmake --build /home/cfh/ntest/build/six_dof_arm_moveit_config -- -j24 -l24
[0.126s] -- Found ament_cmake: 1.3.9 (/opt/ros/humble/share/ament_cmake/cmake)
[0.186s] -- Found ament_lint_auto: 0.12.11 (/opt/ros/humble/share/ament_lint_auto/cmake)
[0.210s] Error parsing '/home/cfh/ntest/src/six_dof_arm_moveit_config/package.xml':
[0.237s] Traceback (most recent call last):
[0.237s]   File "/opt/ros/humble/share/ament_cmake_core/cmake/core/package_xml_2_cmake.py", line 150, in <module>
[0.237s]     main()
[0.237s]   File "/opt/ros/humble/share/ament_cmake_core/cmake/core/package_xml_2_cmake.py", line 53, in main
[0.237s]     raise e
[0.237s]   File "/opt/ros/humble/share/ament_cmake_core/cmake/core/package_xml_2_cmake.py", line 49, in main
[0.237s]     package = parse_package_string(
[0.237s]   File "/home/cfh/.local/lib/python3.10/site-packages/catkin_pkg/package.py", line 788, in parse_package_string
[0.237s]     pkg.validate(warnings=warnings)
[0.237s]   File "/home/cfh/.local/lib/python3.10/site-packages/catkin_pkg/package.py", line 330, in validate
[0.237s]     raise InvalidPackage('\n'.join(errors), self.filename)
[0.237s] catkin_pkg.package.InvalidPackage: Error(s) in package '/home/cfh/ntest/src/six_dof_arm_moveit_config/package.xml':
[0.237s] Invalid email "" for person ""
[0.237s] Maintainers must have an email address
[0.237s] Invalid email "" for person ""
[0.244s] [31mCMake Error at /opt/ros/humble/share/ament_cmake_core/cmake/core/ament_package_xml.cmake:95 (message):
[0.244s]   execute_process(/usr/bin/python3
[0.244s]   /opt/ros/humble/share/ament_cmake_core/cmake/core/package_xml_2_cmake.py
[0.244s]   /home/cfh/ntest/src/six_dof_arm_moveit_config/package.xml
[0.244s]   /home/cfh/ntest/build/six_dof_arm_moveit_config/ament_cmake_core/package.cmake)
[0.244s]   returned error code 1
[0.244s] Call Stack (most recent call first):
[0.244s]   /opt/ros/humble/share/ament_cmake_core/cmake/core/ament_package_xml.cmake:49 (_ament_package_xml)
[0.244s]   /opt/ros/humble/share/ament_lint_auto/cmake/ament_lint_auto_find_test_dependencies.cmake:31 (ament_package_xml)
[0.244s]   CMakeLists.txt:24 (ament_lint_auto_find_test_dependencies)
[0.244s] 
[0.244s] [0m
[0.244s] -- Configuring incomplete, errors occurred!
[0.244s] See also "/home/cfh/ntest/build/six_dof_arm_moveit_config/CMakeFiles/CMakeOutput.log".
[0.245s] gmake: *** [Makefile:226: cmake_check_build_system] Error 1
[0.246s] Invoked command in '/home/cfh/ntest/build/six_dof_arm_moveit_config' returned '2': /usr/bin/cmake --build /home/cfh/ntest/build/six_dof_arm_moveit_config -- -j24 -l24
